
> ziva-landscaping-ecommerce@0.1.0 build
> next build

   ▲ Next.js 15.4.10
   - Environments: .env
   - Experiments (use with caution):
     · serverActions

   Creating an optimized production build ...
 ✓ Compiled successfully in 4.0s
   Linting and checking validity of types ...

./src/app/admin/page.tsx
14:3  Warning: 'EyeIcon' is defined but never used.  @typescript-eslint/no-unused-vars

info  - Need to disable some ESLint rules? Learn more here: https://nextjs.org/docs/app/api-reference/config/eslint#disabling-rules
   Collecting page data ...
[dotenv@17.2.0] injecting env (0) from .env (tip: ⚙️  specify custom .env file path with { path: '/custom/path/.env' })
[Error [PrismaClientInitializationError]: Can't reach database server at `localhost:5434`

Please make sure your database server is running at `localhost:5434`.] {
  clientVersion: '6.12.0',
  errorCode: 'P1001',
  retryable: undefined
}
[Error [PrismaClientInitializationError]: Can't reach database server at `localhost:5434`

Please make sure your database server is running at `localhost:5434`.] {
  clientVersion: '6.12.0',
  errorCode: 'P1001',
  retryable: undefined
}
[Error [PrismaClientInitializationError]: Can't reach database server at `localhost:5434`

Please make sure your database server is running at `localhost:5434`.] {
  clientVersion: '6.12.0',
  errorCode: 'P1001',
  retryable: undefined
}
[Error [PrismaClientInitializationError]: Can't reach database server at `localhost:5434`

Please make sure your database server is running at `localhost:5434`.] {
  clientVersion: '6.12.0',
  errorCode: 'P1001',
  retryable: undefined
}
[Error [PrismaClientInitializationError]: Can't reach database server at `localhost:5434`

Please make sure your database server is running at `localhost:5434`.] {
  clientVersion: '6.12.0',
  errorCode: 'P1001',
  retryable: undefined
}
[Error [PrismaClientInitializationError]: Can't reach database server at `localhost:5434`

Please make sure your database server is running at `localhost:5434`.] {
  clientVersion: '6.12.0',
  errorCode: 'P1001',
  retryable: undefined
}
[Error [PrismaClientInitializationError]: Can't reach database server at `localhost:5434`

Please make sure your database server is running at `localhost:5434`.] {
  clientVersion: '6.12.0',
  errorCode: 'P1001',
  retryable: undefined
}
[Error [PrismaClientInitializationError]: Can't reach database server at `localhost:5434`

Please make sure your database server is running at `localhost:5434`.] {
  clientVersion: '6.12.0',
  errorCode: 'P1001',
  retryable: undefined
}
[dotenv@17.2.0] injecting env (0) from .env (tip: ⚙️  specify custom .env file path with { path: '/custom/path/.env' })
[Error [PrismaClientInitializationError]: Can't reach database server at `localhost:5434`

Please make sure your database server is running at `localhost:5434`.] {
  clientVersion: '6.12.0',
  errorCode: 'P1001',
  retryable: undefined
}
[dotenv@17.2.0] injecting env (0) from .env (tip: 🔐 prevent building .env in docker: https://dotenvx.com/prebuild)
   Generating static pages (0/27) ...
   Generating static pages (6/27) 
   Generating static pages (13/27) 
[Error [PrismaClientInitializationError]: Can't reach database server at `localhost:5434`

Please make sure your database server is running at `localhost:5434`.] {
  clientVersion: '6.12.0',
  errorCode: 'P1001',
  retryable: undefined
}
[Error [PrismaClientInitializationError]: Can't reach database server at `localhost:5434`

Please make sure your database server is running at `localhost:5434`.] {
  clientVersion: '6.12.0',
  errorCode: 'P1001',
  retryable: undefined
}
[dotenv@17.2.0] injecting env (0) from .env (tip: ⚙️  write to custom object with { processEnv: myObject })
   Generating static pages (20/27) 
 ✓ Generating static pages (27/27)
   Finalizing page optimization ...
   Collecting build traces ...

Route (app)                                    Size  First Load JS  Revalidate  Expire
┌ ○ /                                       11.4 kB         158 kB          1h      1y
├ ○ /_not-found                                1 kB         101 kB
├ ƒ /admin                                  1.05 kB         218 kB
├ ƒ /admin/blog                             2.77 kB         106 kB
├ ƒ /admin/blog/[id]/edit                    2.4 kB         223 kB
├ ƒ /admin/blog/new                          2.4 kB         223 kB
├ ƒ /admin/categories                         194 B         100 kB
├ ○ /admin/downloads                        2.71 kB         103 kB
├ ƒ /admin/finance                          12.9 kB         230 kB
├ ƒ /admin/orders                           17.9 kB         121 kB
├ ƒ /admin/orders/list                      3.92 kB         107 kB
├ ƒ /admin/payments                         1.08 kB         105 kB
├ ƒ /admin/products                           178 B         109 kB
├ ƒ /admin/products/[id]/edit                 178 B         109 kB
├ ƒ /admin/settings                          5.5 kB         106 kB
├ ○ /admin/settings/security                 2.9 kB         108 kB
├ ƒ /admin/subcategories                      194 B         100 kB
├ ƒ /agriculture                            2.06 kB         149 kB
├ ƒ /api/admin/blog/[id]                      194 B         100 kB
├ ƒ /api/admin/profile                        194 B         100 kB
├ ƒ /api/admin/reports/export                 194 B         100 kB
├ ƒ /api/admin/seed-blogs                     194 B         100 kB
├ ƒ /api/admin/settings                       194 B         100 kB
├ ƒ /api/admin/settings/2fa                   194 B         100 kB
├ ƒ /api/admin/settings/google-credentials    194 B         100 kB
├ ƒ /api/admin/upload-image                   194 B         100 kB
├ ƒ /api/auth/[...nextauth]                   194 B         100 kB
├ ƒ /api/cart                                 194 B         100 kB
├ ƒ /api/cart/clear                           194 B         100 kB
├ ƒ /api/categories                           194 B         100 kB
├ ƒ /api/categories/agriculture               194 B         100 kB
├ ƒ /api/chat                                 194 B         100 kB
├ ƒ /api/config                               194 B         100 kB
├ ƒ /api/order                                194 B         100 kB
├ ƒ /api/places/autocomplete                  194 B         100 kB
├ ƒ /api/site-settings                        194 B         100 kB
├ ƒ /api/wave/webhook                         194 B         100 kB
├ ƒ /api/wishlist                             194 B         100 kB
├ ○ /auth/signin                            11.7 kB         121 kB
├ ƒ /blog                                   1.15 kB         110 kB
├ ƒ /blog/[slug]                              175 B         109 kB
├ ƒ /company                                2.58 kB         108 kB
├ ○ /privacy                                  169 B         104 kB
├ ○ /robots.txt                               194 B         100 kB
├ ƒ /shop                                   2.06 kB         149 kB
├ ƒ /shop/[category]                        2.07 kB         149 kB
├ ƒ /shop/[category]/[subCategory]          2.58 kB         154 kB
├ ƒ /shop/[category]/[subCategory]/[id]     2.38 kB         116 kB
├ ƒ /shop/checkout                          6.91 kB         112 kB
├ ƒ /shop/orders/[id]                       4.66 kB         110 kB
├ ƒ /sitemap_index.xml                        194 B         100 kB
└ ○ /terms                                    169 B         104 kB
+ First Load JS shared by all                100 kB
  ├ chunks/4bd1b696-cc729d47eba2cee4.js     54.1 kB
  ├ chunks/5964-b14196516283122f.js           44 kB
  └ other shared chunks (total)             2.02 kB


ƒ Middleware                                54.2 kB

○  (Static)   prerendered as static content
ƒ  (Dynamic)  server-rendered on demand

